[13:17:27] [main/INFO] (FabricLoader/GameProvider) Loading Minecraft 1.21.4 with Fabric Loader 0.16.9
[13:17:28] [main/INFO] (FabricLoader) Loading 55 mods:
	- cubic-civilizations 1.0.0
	- fabric-api 0.112.2+1.21.4
	- fabric-api-base 0.4.54+b47eab6b04
	- fabric-api-lookup-api-v1 1.6.86+b1caf1e904
	- fabric-biome-api-v1 15.0.5+b1caf1e904
	- fabric-block-api-v1 1.0.31+7feeb73304
	- fabric-block-view-api-v2 1.0.19+7feeb73304
	- fabric-blockrenderlayer-v1 2.0.8+7feeb73304
	- fabric-client-gametest-api-v1 1.0.1+b3e1e3dd04
	- fabric-client-tags-api-v1 1.1.29+20ea1e2304
	- fabric-command-api-v1 1.2.62+f71b366f04
	- fabric-command-api-v2 2.2.41+e496eb1504
	- fabric-commands-v0 0.2.79+df3654b304
	- fabric-content-registries-v0 9.1.14+7feeb73304
	- fabric-convention-tags-v1 2.1.9+7f945d5b04
	- fabric-convention-tags-v2 2.9.9+3d1fb53904
	- fabric-crash-report-info-v1 0.3.6+7feeb73304
	- fabric-data-attachment-api-v1 1.4.6+9aea556b04
	- fabric-data-generation-api-v1 22.2.2+20ea1e2304
	- fabric-dimensions-v1 4.0.10+7feeb73304
	- fabric-entity-events-v1 2.0.12+60fccc7604
	- fabric-events-interaction-v0 4.0.2+a4eebcf004
	- fabric-game-rule-api-v1 1.0.62+7feeb73304
	- fabric-gametest-api-v1 2.0.21+7feeb73304
	- fabric-item-api-v1 11.1.14+203e6b2304
	- fabric-item-group-api-v1 4.1.23+7feeb73304
	- fabric-key-binding-api-v1 1.0.56+7feeb73304
	- fabric-keybindings-v0 0.2.54+df3654b304
	- fabric-lifecycle-events-v1 2.5.4+bf2a60eb04
	- fabric-loot-api-v2 3.0.33+3f89f5a504
	- fabric-loot-api-v3 1.0.21+203e6b2304
	- fabric-message-api-v1 6.0.25+7feeb73304
	- fabric-model-loading-api-v1 4.1.1+7b6b225304
	- fabric-networking-api-v1 4.3.9+cc0fa2fe04
	- fabric-object-builder-api-v1 18.0.8+d70d2c0604
	- fabric-particles-v1 4.0.14+7feeb73304
	- fabric-recipe-api-v1 8.0.5+b1caf1e904
	- fabric-registry-sync-v0 6.1.2+3d1fb53904
	- fabric-renderer-api-v1 5.0.2+84404cdd04
	- fabric-renderer-indigo 2.0.2+84404cdd04
	- fabric-rendering-data-attachment-v1 0.3.57+73761d2e04
	- fabric-rendering-fluids-v1 3.1.19+7feeb73304
	- fabric-rendering-v1 10.1.2+b874120c04
	- fabric-resource-conditions-api-v1 5.0.13+203e6b2304
	- fabric-resource-loader-v0 3.0.11+b1caf1e904
	- fabric-screen-api-v1 2.0.38+7feeb73304
	- fabric-screen-handler-api-v1 1.3.109+7feeb73304
	- fabric-sound-api-v1 1.0.32+7feeb73304
	- fabric-tag-api-v1 1.0.2+20ea1e2304
	- fabric-transfer-api-v1 5.4.8+b1caf1e904
	- fabric-transitive-access-wideners-v1 6.3.2+56e78b9b04
	- fabricloader 0.16.9
	- java 21
	- minecraft 1.21.4
	- mixinextras 0.4.1
[13:17:28] [main/INFO] (FabricLoader/Mixin) SpongePowered MIXIN Subsystem Version=0.8.7 Source=file:/home/ivnls/.gradle/caches/modules-2/files-2.1/net.fabricmc/sponge-mixin/0.15.4+mixin.0.8.7/6a12aacc794f1078458433116e9ed42c1cc98096/sponge-mixin-0.15.4+mixin.0.8.7.jar Service=Knot/Fabric Env=CLIENT
[13:17:29] [main/INFO] (FabricLoader/Mixin) Loaded Fabric development mappings for mixin remapper!
[13:17:29] [main/INFO] (FabricLoader/Mixin) Compatibility level set to JAVA_21
[13:17:33] [main/INFO] (FabricLoader/MixinExtras|Service) Initializing MixinExtras via com.llamalad7.mixinextras.service.MixinExtrasServiceImpl(version=0.4.1).
[13:17:35] [Datafixer Bootstrap/INFO] (Minecraft) 243 Datafixer optimizations took 829 milliseconds
[13:17:49] [Render thread/INFO] (Minecraft) Environment: Environment[sessionHost=https://sessionserver.mojang.com, servicesHost=https://api.minecraftservices.com, name=PROD]
[13:17:49] [Render thread/INFO] (Minecraft) Setting user: Player720
[13:17:49] [Render thread/INFO] (Indigo) [Indigo] Registering Indigo renderer!
[13:17:50] [Render thread/INFO] (Minecraft) Backend library: LWJGL version 3.3.3-snapshot
[13:17:52] [Render thread/INFO] (Minecraft) Reloading ResourceManager: vanilla, fabric, cubic-civilizations, fabric-api, fabric-api-base, fabric-api-lookup-api-v1, fabric-biome-api-v1, fabric-block-api-v1, fabric-block-view-api-v2, fabric-blockrenderlayer-v1, fabric-client-gametest-api-v1, fabric-client-tags-api-v1, fabric-command-api-v1, fabric-command-api-v2, fabric-commands-v0, fabric-content-registries-v0, fabric-convention-tags-v1, fabric-convention-tags-v2, fabric-crash-report-info-v1, fabric-data-attachment-api-v1, fabric-data-generation-api-v1, fabric-dimensions-v1, fabric-entity-events-v1, fabric-events-interaction-v0, fabric-game-rule-api-v1, fabric-gametest-api-v1, fabric-item-api-v1, fabric-item-group-api-v1, fabric-key-binding-api-v1, fabric-keybindings-v0, fabric-lifecycle-events-v1, fabric-loot-api-v2, fabric-loot-api-v3, fabric-message-api-v1, fabric-model-loading-api-v1, fabric-networking-api-v1, fabric-object-builder-api-v1, fabric-particles-v1, fabric-recipe-api-v1, fabric-registry-sync-v0, fabric-renderer-api-v1, fabric-renderer-indigo, fabric-rendering-data-attachment-v1, fabric-rendering-fluids-v1, fabric-rendering-v1, fabric-resource-conditions-api-v1, fabric-resource-loader-v0, fabric-screen-api-v1, fabric-screen-handler-api-v1, fabric-sound-api-v1, fabric-tag-api-v1, fabric-transfer-api-v1, fabric-transitive-access-wideners-v1, fabricloader
[13:17:52] [Worker-Main-1/INFO] (Minecraft) Found unifont_all_no_pua-16.0.01.hex, loading
[13:17:52] [Worker-Main-3/INFO] (Minecraft) Found unifont_jp_patch-16.0.01.hex, loading
[13:17:55] [Render thread/INFO] (Minecraft) OpenAL initialized on device Family 17h/19h HD Audio Controller Estéreo analógico
[13:17:55] [Render thread/INFO] (Minecraft) Sound engine started
[13:17:55] [Render thread/INFO] (Minecraft) Created: 1024x512x4 minecraft:textures/atlas/blocks.png-atlas
[13:17:55] [Render thread/INFO] (Minecraft) Created: 256x256x4 minecraft:textures/atlas/signs.png-atlas
[13:17:55] [Render thread/INFO] (Minecraft) Created: 512x512x4 minecraft:textures/atlas/banner_patterns.png-atlas
[13:17:55] [Render thread/INFO] (Minecraft) Created: 512x512x4 minecraft:textures/atlas/shield_patterns.png-atlas
[13:17:55] [Render thread/INFO] (Minecraft) Created: 2048x1024x4 minecraft:textures/atlas/armor_trims.png-atlas
[13:17:55] [Render thread/INFO] (Minecraft) Created: 256x256x4 minecraft:textures/atlas/chest.png-atlas
[13:17:55] [Render thread/INFO] (Minecraft) Created: 128x64x4 minecraft:textures/atlas/decorated_pot.png-atlas
[13:17:55] [Render thread/INFO] (Minecraft) Created: 512x256x4 minecraft:textures/atlas/beds.png-atlas
[13:17:55] [Render thread/INFO] (Minecraft) Created: 512x256x4 minecraft:textures/atlas/shulker_boxes.png-atlas
[13:17:55] [Render thread/INFO] (Minecraft) Created: 64x64x0 minecraft:textures/atlas/map_decorations.png-atlas
[13:17:55] [Render thread/INFO] (Minecraft) Created: 512x256x0 minecraft:textures/atlas/particles.png-atlas
[13:17:55] [Render thread/INFO] (Minecraft) Created: 512x256x0 minecraft:textures/atlas/paintings.png-atlas
[13:17:55] [Render thread/INFO] (Minecraft) Created: 256x128x0 minecraft:textures/atlas/mob_effects.png-atlas
[13:17:55] [Render thread/INFO] (Minecraft) Created: 1024x512x0 minecraft:textures/atlas/gui.png-atlas
[13:18:05] [Render thread/INFO] (Minecraft) Loaded 1370 recipes
[13:18:06] [Render thread/INFO] (Minecraft) Loaded 1481 advancements
[13:18:10] [Render thread/INFO] (BiomeModificationImpl) Applied 0 biome modifications to 0 of 65 new biomes in 2.648 ms
[13:18:10] [Server thread/INFO] (Minecraft) Starting integrated minecraft server version 1.21.4
[13:18:10] [Server thread/INFO] (Minecraft) Generating keypair
[13:18:16] [Server thread/INFO] (Minecraft) Preparing start region for dimension minecraft:overworld
[13:18:16] [Render thread/INFO] (Minecraft) Preparing spawn area: 2%
[13:18:18] [Render thread/INFO] (Minecraft) Preparing spawn area: 2%
[13:18:18] [Render thread/INFO] (Minecraft) Preparing spawn area: 2%
[13:18:18] [Render thread/INFO] (Minecraft) Preparing spawn area: 2%
[13:18:19] [Render thread/INFO] (Minecraft) Preparing spawn area: 2%
[13:18:19] [Render thread/INFO] (Minecraft) Preparing spawn area: 2%
[13:18:19] [Render thread/INFO] (Minecraft) Preparing spawn area: 2%
[13:18:20] [Render thread/INFO] (Minecraft) Preparing spawn area: 2%
[13:18:20] [Render thread/INFO] (Minecraft) Preparing spawn area: 2%
[13:18:21] [Render thread/INFO] (Minecraft) Preparing spawn area: 2%
[13:18:21] [Render thread/INFO] (Minecraft) Preparing spawn area: 2%
[13:18:22] [Render thread/INFO] (Minecraft) Preparing spawn area: 18%
[13:18:22] [Render thread/INFO] (Minecraft) Preparing spawn area: 18%
[13:18:23] [Render thread/INFO] (Minecraft) Preparing spawn area: 18%
[13:18:23] [Render thread/INFO] (Minecraft) Preparing spawn area: 18%
[13:18:24] [Render thread/INFO] (Minecraft) Preparing spawn area: 18%
[13:18:24] [Render thread/INFO] (Minecraft) Preparing spawn area: 18%
[13:18:25] [Render thread/INFO] (Minecraft) Preparing spawn area: 51%
[13:18:25] [Render thread/INFO] (Minecraft) Preparing spawn area: 51%
[13:18:26] [Render thread/INFO] (Minecraft) Preparing spawn area: 51%
[13:18:26] [Render thread/INFO] (Minecraft) Preparing spawn area: 51%
[13:18:27] [Render thread/INFO] (Minecraft) Preparing spawn area: 51%
[13:18:27] [Render thread/INFO] (Minecraft) Preparing spawn area: 51%
[13:18:28] [Server thread/INFO] (Minecraft) Changing view distance to 12, from 10
[13:18:28] [Server thread/INFO] (Minecraft) Changing simulation distance to 12, from 0
[13:18:29] [Render thread/INFO] (Minecraft) Preparing spawn area: 51%
[13:18:29] [Render thread/INFO] (Minecraft) Preparing spawn area: 51%
[13:18:29] [Render thread/INFO] (Minecraft) Preparing spawn area: 51%
[13:18:29] [Render thread/INFO] (Minecraft) Time elapsed: 12928 ms
[13:18:32] [Server thread/INFO] (Minecraft) Player720[local:E:a05f8a49] logged in with entity id 15 at (-6.5, 70.0, -14.5)
[13:18:32] [Server thread/INFO] (Minecraft) Player720 joined the game
[13:18:35] [Render thread/INFO] (Minecraft) Loaded 2 advancements
[13:18:38] [Server thread/INFO] (Minecraft) Saving and pausing game...
[13:18:38] [Server thread/INFO] (Minecraft) Saving chunks for level 'ServerLevel[New World]'/minecraft:overworld
[13:18:38] [Server thread/INFO] (Minecraft) Saving chunks for level 'ServerLevel[New World]'/minecraft:the_end
[13:18:38] [Server thread/INFO] (Minecraft) Saving chunks for level 'ServerLevel[New World]'/minecraft:the_nether
[13:18:57] [Server thread/INFO] (Minecraft) Saving and pausing game...
[13:18:57] [Server thread/INFO] (Minecraft) Saving chunks for level 'ServerLevel[New World]'/minecraft:overworld
[13:18:57] [Server thread/INFO] (Minecraft) Saving chunks for level 'ServerLevel[New World]'/minecraft:the_end
[13:18:57] [Server thread/INFO] (Minecraft) Saving chunks for level 'ServerLevel[New World]'/minecraft:the_nether
[13:18:57] [Server thread/INFO] (Minecraft) Player720 lost connection: Disconnected
[13:18:57] [Server thread/INFO] (Minecraft) Player720 left the game
[13:18:58] [Server thread/INFO] (Minecraft) Stopping singleplayer server as player logged out
[13:18:58] [Server thread/INFO] (Minecraft) Stopping server
[13:18:58] [Server thread/INFO] (Minecraft) Saving players
[13:18:58] [Server thread/INFO] (Minecraft) Saving worlds
[13:18:58] [Server thread/INFO] (Minecraft) Saving chunks for level 'ServerLevel[New World]'/minecraft:overworld
[13:19:00] [Server thread/INFO] (Minecraft) Saving chunks for level 'ServerLevel[New World]'/minecraft:the_end
[13:19:00] [Server thread/INFO] (Minecraft) Saving chunks for level 'ServerLevel[New World]'/minecraft:the_nether
[13:19:00] [Server thread/INFO] (Minecraft) ThreadedAnvilChunkStorage (New World): All chunks are saved
[13:19:00] [Server thread/INFO] (Minecraft) ThreadedAnvilChunkStorage (DIM1): All chunks are saved
[13:19:00] [Server thread/INFO] (Minecraft) ThreadedAnvilChunkStorage (DIM-1): All chunks are saved
[13:19:00] [Server thread/INFO] (Minecraft) ThreadedAnvilChunkStorage: All dimensions are saved
[13:19:01] [Render thread/INFO] (Minecraft) Stopping!
